<?xml version="1.0" encoding="UTF-8"?>
<testng-results ignored="0" total="1" passed="1" failed="0" skipped="0">
  <reporter-output>
  </reporter-output>
  <suite started-at="2024-11-09T06:31:27 IST" name="Default suite" finished-at="2024-11-09T06:31:50 IST" duration-ms="22752">
    <groups>
    </groups>
    <test started-at="2024-11-09T06:31:27 IST" name="Default test" finished-at="2024-11-09T06:31:50 IST" duration-ms="22752">
      <class name="SeleniumBasics.LocatorsExample">
        <test-method signature="accessLinkedin()[pri:0, instance:SeleniumBasics.LocatorsExample@2e55dd0c]" started-at="2024-11-09T06:31:27 IST" name="accessLinkedin" finished-at="2024-11-09T06:31:50 IST" duration-ms="22671" status="PASS">
          <reporter-output>
          </reporter-output>
        </test-method> <!-- accessLinkedin -->
      </class> <!-- SeleniumBasics.LocatorsExample -->
    </test> <!-- Default test -->
  </suite> <!-- Default suite -->
</testng-results>
